[debug] [2023-08-15T18:03:35.981Z] ----------------------------------------------------------------------
[debug] [2023-08-15T18:03:35.984Z] Command:       /usr/bin/node /usr/bin/firebase init
[debug] [2023-08-15T18:03:35.985Z] CLI Version:   12.4.7
[debug] [2023-08-15T18:03:35.985Z] Platform:      linux
[debug] [2023-08-15T18:03:35.986Z] Node Version:  v18.16.0
[debug] [2023-08-15T18:03:35.986Z] Time:          Tue Aug 15 2023 19:03:35 GMT+0100 (heure normale d’Afrique de l’Ouest)
[debug] [2023-08-15T18:03:35.986Z] ----------------------------------------------------------------------
[debug] 
[debug] [2023-08-15T18:03:35.990Z] >>> [apiv2][query] GET https://firebase-public.firebaseio.com/cli.json [none]
[debug] [2023-08-15T18:03:36.046Z] > command requires scopes: ["email","openid","https://www.googleapis.com/auth/cloudplatformprojects.readonly","https://www.googleapis.com/auth/firebase","https://www.googleapis.com/auth/cloud-platform"]
[debug] [2023-08-15T18:03:36.047Z] > authorizing via signed-in user (eeventdrc@gmail.com)
[info] 
     ######## #### ########  ######## ########     ###     ######  ########
     ##        ##  ##     ## ##       ##     ##  ##   ##  ##       ##
     ######    ##  ########  ######   ########  #########  ######  ######
     ##        ##  ##    ##  ##       ##     ## ##     ##       ## ##
     ##       #### ##     ## ######## ########  ##     ##  ######  ########

You're about to initialize a Firebase project in this directory:

  /home/eventdrctechnology/Documents/DEV/ANGULAR/PROJECT/wmrh

[debug] [2023-08-15T18:03:37.731Z] <<< [apiv2][status] GET https://firebase-public.firebaseio.com/cli.json 200
[debug] [2023-08-15T18:03:37.732Z] <<< [apiv2][body] GET https://firebase-public.firebaseio.com/cli.json {"cloudBuildErrorAfter":1594252800000,"cloudBuildWarnAfter":1590019200000,"defaultNode10After":1594252800000,"minVersion":"3.0.5","node8DeploysDisabledAfter":1613390400000,"node8RuntimeDisabledAfter":1615809600000,"node8WarnAfter":1600128000000}
[info] 
=== Project Setup
[info] 
[info] First, let's associate this project directory with a Firebase project.
[info] You can create multiple project aliases by running firebase use --add, 
[info] but for now we'll just set up a default project.
[info] 
[debug] [2023-08-15T18:04:04.469Z] > refreshing access token with scopes: []
[debug] [2023-08-15T18:04:04.474Z] >>> [apiv2][query] POST https://www.googleapis.com/oauth2/v3/token [none]
[debug] [2023-08-15T18:04:04.474Z] >>> [apiv2][body] POST https://www.googleapis.com/oauth2/v3/token [omitted]
[debug] [2023-08-15T18:04:09.870Z] <<< [apiv2][status] POST https://www.googleapis.com/oauth2/v3/token 200
[debug] [2023-08-15T18:04:09.871Z] <<< [apiv2][body] POST https://www.googleapis.com/oauth2/v3/token [omitted]
[debug] [2023-08-15T18:04:09.998Z] >>> [apiv2][query] GET https://firebase.googleapis.com/v1beta1/projects pageSize=100
[debug] [2023-08-15T18:04:11.634Z] <<< [apiv2][status] GET https://firebase.googleapis.com/v1beta1/projects 200
[debug] [2023-08-15T18:04:11.635Z] <<< [apiv2][body] GET https://firebase.googleapis.com/v1beta1/projects [omitted]
[info] i  Using project wm-rh-015 (wm-rh-015) 
[info] 
=== Hosting Setup
[info] 
[info] Your public directory is the folder (relative to your project directory) that
[info] will contain Hosting assets to be uploaded with firebase deploy. If you
[info] have a build process for your assets, use your build's output directory.
[info] 
